<?xml version="1.0" encoding="UTF-8"?>
<!-- Generated by org.testng.reporters.JUnitReportReporter -->
<testsuite skipped="0" hostname="Pratik-Burde" name="Cucumber.TestNGTestRunner" tests="2" failures="0" timestamp="13 Jan 2023 15:39:30 GMT" time="1.483" errors="2">
  <testcase name="runScenario" time="0.049" classname="Cucumber.TestNGTestRunner">
    <error type="java.lang.NullPointerException">
      <![CDATA[java.lang.NullPointerException
at SeleniumFrameworkDesign.TestComponents.BaseTest.initializeDriver(BaseTest.java:43)
at SeleniumFrameworkDesign.TestComponents.BaseTest.launchApplication(BaseTest.java:84)
at SeleniumFrameworkDesign.stepDefination.StepDefinationsImpl.I_landed_on_Ecommerce_Page(StepDefinationsImpl.java:25)
at ✽.I landed on Ecommerce Page(file:///D:/batch240/SeleniumFrameworkDesign/src/test/java/Cucumber/SubmitOrder.feature:7)
]]>
    </error>
  </testcase> <!-- runScenario -->
  <testcase name="runScenario" time="1.434" classname="Cucumber.TestNGTestRunner">
    <error type="java.lang.NullPointerException">
      <![CDATA[java.lang.NullPointerException
at SeleniumFrameworkDesign.TestComponents.BaseTest.initializeDriver(BaseTest.java:43)
at SeleniumFrameworkDesign.TestComponents.BaseTest.launchApplication(BaseTest.java:84)
at SeleniumFrameworkDesign.stepDefination.StepDefinationsImpl.I_landed_on_Ecommerce_Page(StepDefinationsImpl.java:25)
at ✽.I landed on Ecommerce Page(file:///D:/batch240/SeleniumFrameworkDesign/src/test/java/Cucumber/ErrorValidations.feature:8)
]]>
    </error>
  </testcase> <!-- runScenario -->
</testsuite> <!-- Cucumber.TestNGTestRunner -->
