<?xml version="1.0" encoding="UTF-8"?>
<!-- Generated by org.testng.reporters.JUnitXMLReporter -->
<testsuite hostname="Pratik-Burde" ignored="0" name="Default test" tests="2" failures="2" timestamp="13 Jan 2023 15:39:29 GMT" time="9.192" errors="0">
  <testcase name="runScenario" time="1.434" classname="io.cucumber.testng.AbstractTestNGCucumberTests">
    <failure type="java.lang.NullPointerException">
      <![CDATA[java.lang.NullPointerException
at SeleniumFrameworkDesign.TestComponents.BaseTest.initializeDriver(BaseTest.java:43)
at SeleniumFrameworkDesign.TestComponents.BaseTest.launchApplication(BaseTest.java:84)
at SeleniumFrameworkDesign.stepDefination.StepDefinationsImpl.I_landed_on_Ecommerce_Page(StepDefinationsImpl.java:25)
at ✽.I landed on Ecommerce Page(file:///D:/batch240/SeleniumFrameworkDesign/src/test/java/Cucumber/ErrorValidations.feature:8)
]]>
    </failure>
  </testcase> <!-- runScenario -->
  <testcase name="runScenario" time="0.049" classname="io.cucumber.testng.AbstractTestNGCucumberTests">
    <failure type="java.lang.NullPointerException">
      <![CDATA[java.lang.NullPointerException
at SeleniumFrameworkDesign.TestComponents.BaseTest.initializeDriver(BaseTest.java:43)
at SeleniumFrameworkDesign.TestComponents.BaseTest.launchApplication(BaseTest.java:84)
at SeleniumFrameworkDesign.stepDefination.StepDefinationsImpl.I_landed_on_Ecommerce_Page(StepDefinationsImpl.java:25)
at ✽.I landed on Ecommerce Page(file:///D:/batch240/SeleniumFrameworkDesign/src/test/java/Cucumber/SubmitOrder.feature:7)
]]>
    </failure>
  </testcase> <!-- runScenario -->
</testsuite> <!-- Default test -->
